{"/home/kaushal/Desktop/learn/tdd/src/services/auth/register.service.ts": {"path":"/home/kaushal/Desktop/learn/tdd/src/services/auth/register.service.ts","all":false,"statementMap":{"0":{"start":{"line":1,"column":0},"end":{"line":1,"column":80}},"1":{"start":{"line":2,"column":0},"end":{"line":2,"column":0}},"2":{"start":{"line":3,"column":0},"end":{"line":3,"column":76}},"3":{"start":{"line":4,"column":0},"end":{"line":4,"column":6}},"4":{"start":{"line":5,"column":0},"end":{"line":5,"column":30}},"5":{"start":{"line":6,"column":0},"end":{"line":6,"column":36}},"6":{"start":{"line":7,"column":0},"end":{"line":7,"column":25}},"7":{"start":{"line":8,"column":0},"end":{"line":8,"column":29}},"8":{"start":{"line":9,"column":0},"end":{"line":9,"column":25}},"9":{"start":{"line":10,"column":0},"end":{"line":10,"column":5}},"10":{"start":{"line":11,"column":0},"end":{"line":11,"column":56}},"11":{"start":{"line":12,"column":0},"end":{"line":12,"column":3}},"12":{"start":{"line":13,"column":0},"end":{"line":13,"column":0}},"13":{"start":{"line":14,"column":0},"end":{"line":14,"column":62}},"14":{"start":{"line":15,"column":0},"end":{"line":15,"column":12}},"15":{"start":{"line":16,"column":0},"end":{"line":16,"column":18}},"16":{"start":{"line":17,"column":0},"end":{"line":17,"column":67}},"17":{"start":{"line":18,"column":0},"end":{"line":18,"column":6}},"18":{"start":{"line":19,"column":0},"end":{"line":19,"column":3}},"19":{"start":{"line":20,"column":0},"end":{"line":20,"column":0}},"20":{"start":{"line":21,"column":0},"end":{"line":21,"column":38}},"21":{"start":{"line":22,"column":0},"end":{"line":22,"column":2}}},"s":{"0":1,"1":1,"2":1,"3":8,"4":8,"5":8,"6":8,"7":8,"8":3,"9":8,"10":6,"11":6,"12":2,"13":8,"14":1,"15":1,"16":1,"17":1,"18":1,"19":1,"20":1,"21":1},"branchMap":{"0":{"type":"branch","line":3,"loc":{"start":{"line":3,"column":32},"end":{"line":22,"column":2}},"locations":[{"start":{"line":3,"column":32},"end":{"line":22,"column":2}}]},"1":{"type":"branch","line":5,"loc":{"start":{"line":5,"column":27},"end":{"line":6,"column":33}},"locations":[{"start":{"line":5,"column":27},"end":{"line":6,"column":33}}]},"2":{"type":"branch","line":6,"loc":{"start":{"line":6,"column":33},"end":{"line":7,"column":22}},"locations":[{"start":{"line":6,"column":33},"end":{"line":7,"column":22}}]},"3":{"type":"branch","line":7,"loc":{"start":{"line":7,"column":22},"end":{"line":8,"column":26}},"locations":[{"start":{"line":7,"column":22},"end":{"line":8,"column":26}}]},"4":{"type":"branch","line":8,"loc":{"start":{"line":8,"column":26},"end":{"line":9,"column":25}},"locations":[{"start":{"line":8,"column":26},"end":{"line":9,"column":25}}]},"5":{"type":"branch","line":10,"loc":{"start":{"line":10,"column":4},"end":{"line":12,"column":3}},"locations":[{"start":{"line":10,"column":4},"end":{"line":12,"column":3}}]},"6":{"type":"branch","line":12,"loc":{"start":{"line":12,"column":2},"end":{"line":14,"column":61}},"locations":[{"start":{"line":12,"column":2},"end":{"line":14,"column":61}}]},"7":{"type":"branch","line":14,"loc":{"start":{"line":14,"column":61},"end":{"line":22,"column":2}},"locations":[{"start":{"line":14,"column":61},"end":{"line":22,"column":2}}]}},"b":{"0":[8],"1":[6],"2":[5],"3":[4],"4":[3],"5":[6],"6":[2],"7":[1]},"fnMap":{"0":{"name":"registerService","decl":{"start":{"line":3,"column":32},"end":{"line":22,"column":2}},"loc":{"start":{"line":3,"column":32},"end":{"line":22,"column":2}},"line":3}},"f":{"0":8}}
}
